c:\edu\program\tools\wechatrobot-master\源码\wechathelper\wechathelper\release\wechathelper.pch
c:\edu\program\tools\wechatrobot-master\源码\wechathelper\wechathelper\release\vc142.pdb
c:\edu\program\tools\wechatrobot-master\源码\wechathelper\wechathelper\release\stdafx.obj
c:\edu\program\tools\wechatrobot-master\源码\wechathelper\wechathelper\release\wndmsgloop.obj
c:\edu\program\tools\wechatrobot-master\源码\wechathelper\wechathelper\release\wechathelper.obj
c:\edu\program\tools\wechatrobot-master\源码\wechathelper\wechathelper\release\mainwindow.obj
c:\edu\program\tools\wechatrobot-master\源码\wechathelper\wechathelper\release\login.obj
c:\edu\program\tools\wechatrobot-master\源码\wechathelper\wechathelper\release\initwechat.obj
c:\edu\program\tools\wechatrobot-master\源码\wechathelper\wechathelper\release\function.obj
c:\edu\program\tools\wechatrobot-master\源码\wechathelper\wechathelper\release\friendlist.obj
c:\edu\program\tools\wechatrobot-master\源码\wechathelper\wechathelper\release\dllmain.obj
c:\edu\program\tools\wechatrobot-master\源码\wechathelper\wechathelper\release\chatroomoperate.obj
c:\edu\program\tools\wechatrobot-master\源码\wechathelper\wechathelper\release\chatrecord.obj
c:\edu\program\tools\wechatrobot-master\源码\wechathelper\wechathelper\release\cautofunction.obj
c:\edu\program\tools\wechatrobot-master\源码\wechathelper\release\wechathelper.dll
c:\edu\program\tools\wechatrobot-master\源码\wechathelper\release\wechathelper.pdb
c:\edu\program\tools\wechatrobot-master\源码\wechathelper\release\wechathelper.ipdb
c:\edu\program\tools\wechatrobot-master\源码\wechathelper\release\wechathelper.iobj
c:\edu\program\tools\wechatrobot-master\源码\wechathelper\wechathelper\release\wechathelper.tlog\cl.command.1.tlog
c:\edu\program\tools\wechatrobot-master\源码\wechathelper\wechathelper\release\wechathelper.tlog\cl.read.1.tlog
c:\edu\program\tools\wechatrobot-master\源码\wechathelper\wechathelper\release\wechathelper.tlog\cl.write.1.tlog
c:\edu\program\tools\wechatrobot-master\源码\wechathelper\wechathelper\release\wechathelper.tlog\link.command.1.tlog
c:\edu\program\tools\wechatrobot-master\源码\wechathelper\wechathelper\release\wechathelper.tlog\link.read.1.tlog
c:\edu\program\tools\wechatrobot-master\源码\wechathelper\wechathelper\release\wechathelper.tlog\link.write.1.tlog
c:\edu\program\tools\wechatrobot-master\源码\wechathelper\wechathelper\release\wechathelper.tlog\wechathelper.write.1u.tlog
