c:\edu\program\tools\wechatrobot-master\源码\wechatrobot\wechatrobot\release\wechatrobot.pch
c:\edu\program\tools\wechatrobot-master\源码\wechatrobot\wechatrobot\release\vc142.pdb
c:\edu\program\tools\wechatrobot-master\源码\wechatrobot\wechatrobot\release\stdafx.obj
c:\edu\program\tools\wechatrobot-master\源码\wechatrobot\wechatrobot\release\csetroomname.obj
c:\edu\program\tools\wechatrobot-master\源码\wechatrobot\wechatrobot\release\csendxmlcard.obj
c:\edu\program\tools\wechatrobot-master\源码\wechatrobot\wechatrobot\release\csendroommsg.obj
c:\edu\program\tools\wechatrobot-master\源码\wechatrobot\wechatrobot\release\csendmsg.obj
c:\edu\program\tools\wechatrobot-master\源码\wechatrobot\wechatrobot\release\csendchatroomat.obj
c:\edu\program\tools\wechatrobot-master\源码\wechatrobot\wechatrobot\release\croomannouncement.obj
c:\edu\program\tools\wechatrobot-master\源码\wechatrobot\wechatrobot\release\cpay.obj
c:\edu\program\tools\wechatrobot-master\源码\wechatrobot\wechatrobot\release\cmytablectrl.obj
c:\edu\program\tools\wechatrobot-master\源码\wechatrobot\wechatrobot\release\cmultiopen.obj
c:\edu\program\tools\wechatrobot-master\源码\wechatrobot\wechatrobot\release\cmain.obj
c:\edu\program\tools\wechatrobot-master\源码\wechatrobot\wechatrobot\release\cinjecttools.obj
c:\edu\program\tools\wechatrobot-master\源码\wechatrobot\wechatrobot\release\cinformation.obj
c:\edu\program\tools\wechatrobot-master\源码\wechatrobot\wechatrobot\release\cfunctions.obj
c:\edu\program\tools\wechatrobot-master\源码\wechatrobot\wechatrobot\release\cfriendlist.obj
c:\edu\program\tools\wechatrobot-master\源码\wechatrobot\wechatrobot\release\cdecryptimage.obj
c:\edu\program\tools\wechatrobot-master\源码\wechatrobot\wechatrobot\release\cchatroommember.obj
c:\edu\program\tools\wechatrobot-master\源码\wechatrobot\wechatrobot\release\cchatrecords.obj
c:\edu\program\tools\wechatrobot-master\源码\wechatrobot\wechatrobot\release\cadduser.obj
c:\edu\program\tools\wechatrobot-master\源码\wechatrobot\wechatrobot\release\caddchatroommember.obj
c:\edu\program\tools\wechatrobot-master\源码\wechatrobot\wechatrobot\release\caboutauthor.obj
c:\edu\program\tools\wechatrobot-master\源码\wechatrobot\wechatrobot\release\wechatrobotdlg.obj
c:\edu\program\tools\wechatrobot-master\源码\wechatrobot\wechatrobot\release\wechatrobot.obj
c:\edu\program\tools\wechatrobot-master\源码\wechatrobot\release\wechatrobot.exe
c:\edu\program\tools\wechatrobot-master\源码\wechatrobot\release\wechatrobot.pdb
c:\edu\program\tools\wechatrobot-master\源码\wechatrobot\wechatrobot\release\wechatrobot.res
c:\edu\program\tools\wechatrobot-master\源码\wechatrobot\release\wechatrobot.ipdb
c:\edu\program\tools\wechatrobot-master\源码\wechatrobot\release\wechatrobot.iobj
c:\edu\program\tools\wechatrobot-master\源码\wechatrobot\wechatrobot\release\wechatrobot.tlog\cl.command.1.tlog
c:\edu\program\tools\wechatrobot-master\源码\wechatrobot\wechatrobot\release\wechatrobot.tlog\cl.read.1.tlog
c:\edu\program\tools\wechatrobot-master\源码\wechatrobot\wechatrobot\release\wechatrobot.tlog\cl.write.1.tlog
c:\edu\program\tools\wechatrobot-master\源码\wechatrobot\wechatrobot\release\wechatrobot.tlog\link.command.1.tlog
c:\edu\program\tools\wechatrobot-master\源码\wechatrobot\wechatrobot\release\wechatrobot.tlog\link.read.1.tlog
c:\edu\program\tools\wechatrobot-master\源码\wechatrobot\wechatrobot\release\wechatrobot.tlog\link.write.1.tlog
c:\edu\program\tools\wechatrobot-master\源码\wechatrobot\wechatrobot\release\wechatrobot.tlog\rc.command.1.tlog
c:\edu\program\tools\wechatrobot-master\源码\wechatrobot\wechatrobot\release\wechatrobot.tlog\rc.read.1.tlog
c:\edu\program\tools\wechatrobot-master\源码\wechatrobot\wechatrobot\release\wechatrobot.tlog\rc.write.1.tlog
c:\edu\program\tools\wechatrobot-master\源码\wechatrobot\wechatrobot\release\wechatrobot.tlog\wechatrobot.write.1u.tlog
