c:\edu\program\tools\wechatrobot-master\源码\wechathelper\wechathelper\debug\wechathelper.pch
c:\edu\program\tools\wechatrobot-master\源码\wechathelper\wechathelper\debug\vc142.pdb
c:\edu\program\tools\wechatrobot-master\源码\wechathelper\wechathelper\debug\vc142.idb
c:\edu\program\tools\wechatrobot-master\源码\wechathelper\wechathelper\debug\stdafx.obj
c:\edu\program\tools\wechatrobot-master\源码\wechathelper\wechathelper\debug\wndmsgloop.obj
c:\edu\program\tools\wechatrobot-master\源码\wechathelper\wechathelper\debug\wechathelper.obj
c:\edu\program\tools\wechatrobot-master\源码\wechathelper\wechathelper\debug\mainwindow.obj
c:\edu\program\tools\wechatrobot-master\源码\wechathelper\wechathelper\debug\login.obj
c:\edu\program\tools\wechatrobot-master\源码\wechathelper\wechathelper\debug\initwechat.obj
c:\edu\program\tools\wechatrobot-master\源码\wechathelper\wechathelper\debug\function.obj
c:\edu\program\tools\wechatrobot-master\源码\wechathelper\wechathelper\debug\friendlist.obj
c:\edu\program\tools\wechatrobot-master\源码\wechathelper\wechathelper\debug\dllmain.obj
c:\edu\program\tools\wechatrobot-master\源码\wechathelper\wechathelper\debug\chatroomoperate.obj
c:\edu\program\tools\wechatrobot-master\源码\wechathelper\wechathelper\debug\chatrecord.obj
c:\edu\program\tools\wechatrobot-master\源码\wechathelper\wechathelper\debug\cautofunction.obj
c:\edu\program\tools\wechatrobot-master\源码\wechathelper\debug\wechathelper.pdb
c:\edu\program\tools\wechatrobot-master\源码\wechathelper\wechathelper\debug\wechathelper.tlog\cl.command.1.tlog
c:\edu\program\tools\wechatrobot-master\源码\wechathelper\wechathelper\debug\wechathelper.tlog\cl.read.1.tlog
c:\edu\program\tools\wechatrobot-master\源码\wechathelper\wechathelper\debug\wechathelper.tlog\cl.write.1.tlog
c:\edu\program\tools\wechatrobot-master\源码\wechathelper\wechathelper\debug\wechathelper.tlog\link-cvtres.read.1.tlog
c:\edu\program\tools\wechatrobot-master\源码\wechathelper\wechathelper\debug\wechathelper.tlog\link-cvtres.write.1.tlog
c:\edu\program\tools\wechatrobot-master\源码\wechathelper\wechathelper\debug\wechathelper.tlog\link-rc.read.1.tlog
c:\edu\program\tools\wechatrobot-master\源码\wechathelper\wechathelper\debug\wechathelper.tlog\link-rc.write.1.tlog
c:\edu\program\tools\wechatrobot-master\源码\wechathelper\wechathelper\debug\wechathelper.tlog\link.command.1.tlog
c:\edu\program\tools\wechatrobot-master\源码\wechathelper\wechathelper\debug\wechathelper.tlog\link.read.1.tlog
c:\edu\program\tools\wechatrobot-master\源码\wechathelper\wechathelper\debug\wechathelper.tlog\link.write.1.tlog
