c:\edu\program\tools\wechatrobot-master\源码\wechatrobot\wechatrobot\debug\wechatrobot.pch
c:\edu\program\tools\wechatrobot-master\源码\wechatrobot\wechatrobot\debug\vc142.pdb
c:\edu\program\tools\wechatrobot-master\源码\wechatrobot\wechatrobot\debug\vc142.idb
c:\edu\program\tools\wechatrobot-master\源码\wechatrobot\wechatrobot\debug\stdafx.obj
c:\edu\program\tools\wechatrobot-master\源码\wechatrobot\wechatrobot\debug\csetroomname.obj
c:\edu\program\tools\wechatrobot-master\源码\wechatrobot\wechatrobot\debug\csendxmlcard.obj
c:\edu\program\tools\wechatrobot-master\源码\wechatrobot\wechatrobot\debug\csendroommsg.obj
c:\edu\program\tools\wechatrobot-master\源码\wechatrobot\wechatrobot\debug\csendmsg.obj
c:\edu\program\tools\wechatrobot-master\源码\wechatrobot\wechatrobot\debug\csendchatroomat.obj
c:\edu\program\tools\wechatrobot-master\源码\wechatrobot\wechatrobot\debug\croomannouncement.obj
c:\edu\program\tools\wechatrobot-master\源码\wechatrobot\wechatrobot\debug\cpay.obj
c:\edu\program\tools\wechatrobot-master\源码\wechatrobot\wechatrobot\debug\cmytablectrl.obj
c:\edu\program\tools\wechatrobot-master\源码\wechatrobot\wechatrobot\debug\cmultiopen.obj
c:\edu\program\tools\wechatrobot-master\源码\wechatrobot\wechatrobot\debug\cmain.obj
c:\edu\program\tools\wechatrobot-master\源码\wechatrobot\wechatrobot\debug\cinjecttools.obj
c:\edu\program\tools\wechatrobot-master\源码\wechatrobot\wechatrobot\debug\cinformation.obj
c:\edu\program\tools\wechatrobot-master\源码\wechatrobot\wechatrobot\debug\cfunctions.obj
c:\edu\program\tools\wechatrobot-master\源码\wechatrobot\wechatrobot\debug\cfriendlist.obj
c:\edu\program\tools\wechatrobot-master\源码\wechatrobot\wechatrobot\debug\cdecryptimage.obj
c:\edu\program\tools\wechatrobot-master\源码\wechatrobot\wechatrobot\debug\cchatroommember.obj
c:\edu\program\tools\wechatrobot-master\源码\wechatrobot\wechatrobot\debug\cchatrecords.obj
c:\edu\program\tools\wechatrobot-master\源码\wechatrobot\wechatrobot\debug\cadduser.obj
c:\edu\program\tools\wechatrobot-master\源码\wechatrobot\wechatrobot\debug\caddchatroommember.obj
c:\edu\program\tools\wechatrobot-master\源码\wechatrobot\wechatrobot\debug\caboutauthor.obj
c:\edu\program\tools\wechatrobot-master\源码\wechatrobot\wechatrobot\debug\wechatrobotdlg.obj
c:\edu\program\tools\wechatrobot-master\源码\wechatrobot\wechatrobot\debug\wechatrobot.obj
c:\edu\program\tools\wechatrobot-master\源码\wechatrobot\debug\wechatrobot.exe
c:\edu\program\tools\wechatrobot-master\源码\wechatrobot\debug\wechatrobot.ilk
c:\edu\program\tools\wechatrobot-master\源码\wechatrobot\debug\wechatrobot.pdb
c:\edu\program\tools\wechatrobot-master\源码\wechatrobot\wechatrobot\debug\wechatrobot.res
c:\edu\program\tools\wechatrobot-master\源码\wechatrobot\wechatrobot\debug\wechatrobot.tlog\cl.command.1.tlog
c:\edu\program\tools\wechatrobot-master\源码\wechatrobot\wechatrobot\debug\wechatrobot.tlog\cl.read.1.tlog
c:\edu\program\tools\wechatrobot-master\源码\wechatrobot\wechatrobot\debug\wechatrobot.tlog\cl.write.1.tlog
c:\edu\program\tools\wechatrobot-master\源码\wechatrobot\wechatrobot\debug\wechatrobot.tlog\link.command.1.tlog
c:\edu\program\tools\wechatrobot-master\源码\wechatrobot\wechatrobot\debug\wechatrobot.tlog\link.read.1.tlog
c:\edu\program\tools\wechatrobot-master\源码\wechatrobot\wechatrobot\debug\wechatrobot.tlog\link.write.1.tlog
c:\edu\program\tools\wechatrobot-master\源码\wechatrobot\wechatrobot\debug\wechatrobot.tlog\rc.command.1.tlog
c:\edu\program\tools\wechatrobot-master\源码\wechatrobot\wechatrobot\debug\wechatrobot.tlog\rc.read.1.tlog
c:\edu\program\tools\wechatrobot-master\源码\wechatrobot\wechatrobot\debug\wechatrobot.tlog\rc.write.1.tlog
